<?xml version="1.0" encoding="UTF-8"?>
<!-- Generated by org.testng.reporters.JUnitXMLReporter -->
<testsuite ignored="0" hostname="DESKTOP-MA7LGP5" failures="0" tests="3" name="Test" time="0.08" errors="0" timestamp="2023-01-11T16:16:45 IST">
  <testcase classname="com.testng.com.Parameter9_02" name="alpha" time="0.014"/>
  <testcase classname="com.testng.com.Parameter9_02" name="beta" time="0.002"/>
  <testcase classname="com.testng.com.Parameter9_02" name="gamma" time="0.003"/>
</testsuite> <!-- Test -->
