<?xml version="1.0" encoding="UTF-8"?>
<!-- Generated by org.testng.reporters.JUnitXMLReporter -->
<testsuite ignored="0" hostname="DESKTOP-MA7LGP5" failures="0" tests="3" name="Default test" time="0.179" errors="0" timestamp="2023-01-11T16:24:31 IST">
  <testcase classname="com.testng.com.Parameterdataprovider" name="method" time="0.012"/>
  <testcase classname="com.testng.com.Parameterdataprovider" name="method" time="0.002"/>
  <testcase classname="com.testng.com.Parameterdataprovider" name="method" time="0.001"/>
</testsuite> <!-- Default test -->
