<?xml version="1.0" encoding="UTF-8"?>
<testng-results ignored="0" total="3" passed="3" failed="0" skipped="0">
  <reporter-output>
  </reporter-output>
  <suite started-at="2023-01-11T16:24:31 IST" name="Default suite" finished-at="2023-01-11T16:24:31 IST" duration-ms="179">
    <groups>
    </groups>
    <test started-at="2023-01-11T16:24:31 IST" name="Default test" finished-at="2023-01-11T16:24:31 IST" duration-ms="179">
      <class name="com.testng.com.Parameterdataprovider">
        <test-method signature="method(java.lang.String, java.lang.String)[pri:0, instance:com.testng.com.Parameterdataprovider@6bf0219d]" started-at="2023-01-11T16:24:31 IST" name="method" data-provider="data" finished-at="2023-01-11T16:24:31 IST" duration-ms="12" status="PASS">
          <params>
            <param index="0">
              <value>
                <![CDATA[puvi]]>
              </value>
            </param>
            <param index="1">
              <value>
                <![CDATA[2344]]>
              </value>
            </param>
          </params>
          <reporter-output>
          </reporter-output>
        </test-method> <!-- method -->
        <test-method signature="method(java.lang.String, java.lang.String)[pri:0, instance:com.testng.com.Parameterdataprovider@6bf0219d]" started-at="2023-01-11T16:24:31 IST" name="method" data-provider="data" finished-at="2023-01-11T16:24:31 IST" duration-ms="2" status="PASS">
          <params>
            <param index="0">
              <value>
                <![CDATA[arul]]>
              </value>
            </param>
            <param index="1">
              <value>
                <![CDATA[1234]]>
              </value>
            </param>
          </params>
          <reporter-output>
          </reporter-output>
        </test-method> <!-- method -->
        <test-method signature="method(java.lang.String, java.lang.String)[pri:0, instance:com.testng.com.Parameterdataprovider@6bf0219d]" started-at="2023-01-11T16:24:31 IST" name="method" data-provider="data" finished-at="2023-01-11T16:24:31 IST" duration-ms="1" status="PASS">
          <params>
            <param index="0">
              <value>
                <![CDATA[kumar]]>
              </value>
            </param>
            <param index="1">
              <value>
                <![CDATA[23445]]>
              </value>
            </param>
          </params>
          <reporter-output>
          </reporter-output>
        </test-method> <!-- method -->
      </class> <!-- com.testng.com.Parameterdataprovider -->
    </test> <!-- Default test -->
  </suite> <!-- Default suite -->
</testng-results>
